<?xml version="1.0" encoding="UTF-8"?>
<!-- Generated by org.testng.reporters.JUnitReportReporter -->
<testsuite skipped="0" hostname="PCDEFRAPC0MAB1H" name="testrun.TestRunner" tests="2" failures="0" timestamp="13 MÃ¤r 2021 17:36:24 GMT" time="16.627" errors="0">
  <testcase name="runScenario" time="10.789" classname="testrun.TestRunner"/>
  <testcase name="runScenario" time="5.838" classname="testrun.TestRunner"/>
</testsuite> <!-- testrun.TestRunner -->
