<?xml version="1.0" encoding="UTF-8"?>
<!-- Generated by org.testng.reporters.JUnitReportReporter -->
<testsuite skipped="0" hostname="PCDEFRAPC0MAB1H" name="Automation.Coyo.AppTest" tests="1" failures="0" timestamp="13 MÃ¤r 2021 18:19:19 GMT" time="0.006" errors="0">
  <testcase name="shouldAnswerWithTrue" time="0.006" classname="Automation.Coyo.AppTest"/>
</testsuite> <!-- Automation.Coyo.AppTest -->
